

Started GET "/players/new" for 127.0.0.1 at 2012-05-16 12:18:41 -0400
Processing by PlayersController#new as HTML
  Rendered shared/_error_msg.html.haml (2.0ms)
  Rendered players/_form.html.haml (1479.2ms)
  Rendered players/new.html.haml within layouts/application (1552.2ms)
Completed 200 OK in 2296ms (Views: 1799.4ms | ActiveRecord: 67.1ms)


Started GET "/assets/application.css" for 127.0.0.1 at 2012-05-16 12:18:49 -0400
Compiled application.css  (2390ms)  (pid 7292)
Served asset /application.css - 304 Not Modified (2426ms)


Started GET "/assets/application.js" for 127.0.0.1 at 2012-05-16 12:18:51 -0400
Compiled jquery.js  (3ms)  (pid 7292)
Compiled jquery_ujs.js  (0ms)  (pid 7292)
Compiled application.js  (70ms)  (pid 7292)
Served asset /application.js - 304 Not Modified (108ms)


Started POST "/players" for 127.0.0.1 at 2012-05-16 12:19:00 -0400
Processing by PlayersController#create as HTML
  Parameters: {"utf8"=>"✓", "authenticity_token"=>"r2wVDMasI1AQgk4tBQmx6qkn87PtWS5Ii1gxAoyuG3k=", "player"=>{"fname"=>"delete", "lname"=>"me", "team"=>"", "league"=>"", "atbats"=>"0", "hits"=>"0", "runs"=>"0", "rbi"=>"0"}, "commit"=>"Create Player"}
  [1m[36m (0.0ms)[0m  [1mBEGIN[0m
  [1m[35mSQL (96.1ms)[0m  INSERT INTO "players" ("atbats", "created_at", "fname", "hits", "league", "lname", "rbi", "runs", "team", "updated_at") VALUES ($1, $2, $3, $4, $5, $6, $7, $8, $9, $10) RETURNING "id"  [["atbats", 0], ["created_at", Wed, 16 May 2012 16:19:00 UTC +00:00], ["fname", "delete"], ["hits", 0], ["league", ""], ["lname", "me"], ["rbi", 0], ["runs", 0], ["team", ""], ["updated_at", Wed, 16 May 2012 16:19:00 UTC +00:00]]
  [1m[36m (1.0ms)[0m  [1mCOMMIT[0m
Redirected to http://localhost:3000/players/6
Completed 302 Found in 102ms (ActiveRecord: 97.1ms)


Started GET "/players/6" for 127.0.0.1 at 2012-05-16 12:19:00 -0400
Processing by PlayersController#show as HTML
  Parameters: {"id"=>"6"}
  [1m[35mPlayer Load (1.0ms)[0m  SELECT "players".* FROM "players" WHERE "players"."id" = $1 LIMIT 1  [["id", "6"]]
  Rendered players/show.html.haml within layouts/application (3.0ms)
Completed 200 OK in 22ms (Views: 18.0ms | ActiveRecord: 1.0ms)


Started GET "/assets/application.css" for 127.0.0.1 at 2012-05-16 12:19:00 -0400
Served asset /application.css - 304 Not Modified (0ms)


Started GET "/assets/application.js" for 127.0.0.1 at 2012-05-16 12:19:00 -0400
Served asset /application.js - 304 Not Modified (1ms)


Started GET "/players" for 127.0.0.1 at 2012-05-16 12:19:02 -0400
Processing by PlayersController#index as HTML
  [1m[36mPlayer Load (0.0ms)[0m  [1mSELECT "players".* FROM "players" [0m
  [1m[35m (0.0ms)[0m  SELECT COUNT(*) FROM "players" 
  Rendered players/index.html.haml within layouts/application (9.0ms)
Completed 200 OK in 27ms (Views: 25.0ms | ActiveRecord: 0.0ms)


Started GET "/assets/application.css" for 127.0.0.1 at 2012-05-16 12:19:02 -0400
Served asset /application.css - 304 Not Modified (1ms)


Started GET "/assets/application.js" for 127.0.0.1 at 2012-05-16 12:19:03 -0400
Served asset /application.js - 304 Not Modified (1ms)


Started DELETE "/players/6" for 127.0.0.1 at 2012-05-16 12:19:07 -0400
Processing by PlayersController#destroy as HTML
  Parameters: {"id"=>"6"}
WARNING: Can't verify CSRF token authenticity
  [1m[36mPlayer Load (1.0ms)[0m  [1mSELECT "players".* FROM "players" WHERE "players"."id" = $1 LIMIT 1[0m  [["id", "6"]]
  [1m[35m (0.0ms)[0m  BEGIN
  [1m[36mSQL (0.0ms)[0m  [1mDELETE FROM "players" WHERE "players"."id" = $1[0m  [["id", 6]]
  [1m[35m (1.0ms)[0m  COMMIT
Redirected to http://localhost:3000/players
Completed 302 Found in 7ms (ActiveRecord: 2.0ms)


Started GET "/players" for 127.0.0.1 at 2012-05-16 12:19:07 -0400
Processing by PlayersController#index as HTML
  [1m[36mPlayer Load (1.0ms)[0m  [1mSELECT "players".* FROM "players" [0m
  [1m[35m (1.0ms)[0m  SELECT COUNT(*) FROM "players" 
  Rendered players/index.html.haml within layouts/application (4.0ms)
Completed 200 OK in 21ms (Views: 19.0ms | ActiveRecord: 2.0ms)


Started GET "/assets/application.css" for 127.0.0.1 at 2012-05-16 12:19:07 -0400
Served asset /application.css - 304 Not Modified (1ms)


Started GET "/assets/application.js" for 127.0.0.1 at 2012-05-16 12:19:07 -0400
Served asset /application.js - 304 Not Modified (0ms)


Started GET "/players/new" for 127.0.0.1 at 2012-05-16 12:19:15 -0400
Processing by PlayersController#new as HTML
  Rendered shared/_error_msg.html.haml (0.0ms)
  Rendered players/_form.html.haml (18.0ms)
  Rendered players/new.html.haml within layouts/application (24.0ms)
Completed 200 OK in 40ms (Views: 40.0ms | ActiveRecord: 0.0ms)


Started GET "/assets/application.css" for 127.0.0.1 at 2012-05-16 12:19:15 -0400
Served asset /application.css - 304 Not Modified (0ms)


Started GET "/assets/application.js" for 127.0.0.1 at 2012-05-16 12:19:15 -0400
Served asset /application.js - 304 Not Modified (0ms)


Started POST "/players" for 127.0.0.1 at 2012-05-16 12:19:24 -0400
Processing by PlayersController#create as HTML
  Parameters: {"utf8"=>"✓", "authenticity_token"=>"17LvEQ81VB/mJ1iRm92LfdWCGMUJvpWI1cdv3xztvuA=", "player"=>{"fname"=>"Delete", "lname"=>"Me", "team"=>"", "league"=>"", "atbats"=>"0", "hits"=>"0", "runs"=>"0", "rbi"=>"0"}, "commit"=>"Create Player"}
  [1m[36m (0.0ms)[0m  [1mBEGIN[0m
  [1m[35mSQL (1.0ms)[0m  INSERT INTO "players" ("atbats", "created_at", "fname", "hits", "league", "lname", "rbi", "runs", "team", "updated_at") VALUES ($1, $2, $3, $4, $5, $6, $7, $8, $9, $10) RETURNING "id"  [["atbats", 0], ["created_at", Wed, 16 May 2012 16:19:24 UTC +00:00], ["fname", "Delete"], ["hits", 0], ["league", ""], ["lname", "Me"], ["rbi", 0], ["runs", 0], ["team", ""], ["updated_at", Wed, 16 May 2012 16:19:24 UTC +00:00]]
  [1m[36m (2.0ms)[0m  [1mCOMMIT[0m
Redirected to http://localhost:3000/players/7
Completed 302 Found in 4ms (ActiveRecord: 3.0ms)


Started GET "/players/7" for 127.0.0.1 at 2012-05-16 12:19:24 -0400
Processing by PlayersController#show as HTML
  Parameters: {"id"=>"7"}
  [1m[35mPlayer Load (0.0ms)[0m  SELECT "players".* FROM "players" WHERE "players"."id" = $1 LIMIT 1  [["id", "7"]]
  Rendered players/show.html.haml within layouts/application (1.0ms)
Completed 200 OK in 13ms (Views: 12.0ms | ActiveRecord: 0.0ms)


Started GET "/assets/application.css" for 127.0.0.1 at 2012-05-16 12:19:24 -0400
Served asset /application.css - 304 Not Modified (0ms)


Started GET "/assets/application.js" for 127.0.0.1 at 2012-05-16 12:19:24 -0400
Served asset /application.js - 304 Not Modified (1ms)


Started GET "/players" for 127.0.0.1 at 2012-05-16 12:19:28 -0400
Processing by PlayersController#index as HTML
  [1m[36mPlayer Load (0.0ms)[0m  [1mSELECT "players".* FROM "players" [0m
  [1m[35m (0.0ms)[0m  SELECT COUNT(*) FROM "players" 
  Rendered players/index.html.haml within layouts/application (6.0ms)
Completed 200 OK in 40ms (Views: 38.0ms | ActiveRecord: 0.0ms)


Started GET "/assets/application.css" for 127.0.0.1 at 2012-05-16 12:19:28 -0400
Served asset /application.css - 304 Not Modified (0ms)


Started GET "/assets/application.js" for 127.0.0.1 at 2012-05-16 12:19:28 -0400
Served asset /application.js - 304 Not Modified (1ms)


Started DELETE "/players/7" for 127.0.0.1 at 2012-05-16 12:19:45 -0400
Processing by PlayersController#destroy as HTML
  Parameters: {"id"=>"7"}
WARNING: Can't verify CSRF token authenticity
  [1m[36mPlayer Load (0.0ms)[0m  [1mSELECT "players".* FROM "players" WHERE "players"."id" = $1 LIMIT 1[0m  [["id", "7"]]
  [1m[35m (0.0ms)[0m  BEGIN
  [1m[36mSQL (0.0ms)[0m  [1mDELETE FROM "players" WHERE "players"."id" = $1[0m  [["id", 7]]
  [1m[35m (0.0ms)[0m  COMMIT
Redirected to http://localhost:3000/players
Completed 302 Found in 3ms (ActiveRecord: 0.0ms)


Started GET "/players" for 127.0.0.1 at 2012-05-16 12:19:45 -0400
Processing by PlayersController#index as HTML
  [1m[36mPlayer Load (1.0ms)[0m  [1mSELECT "players".* FROM "players" [0m
  [1m[35m (1.0ms)[0m  SELECT COUNT(*) FROM "players" 
  Rendered players/index.html.haml within layouts/application (4.0ms)
Completed 200 OK in 22ms (Views: 20.0ms | ActiveRecord: 2.0ms)


Started GET "/assets/application.css" for 127.0.0.1 at 2012-05-16 12:19:45 -0400
Served asset /application.css - 304 Not Modified (1ms)


Started GET "/assets/application.js" for 127.0.0.1 at 2012-05-16 12:19:45 -0400
Served asset /application.js - 304 Not Modified (0ms)


Started GET "/players/1" for 127.0.0.1 at 2012-05-16 12:49:29 -0400

SyntaxError (C:/Sites/RailsPatton/app/controllers/players_controller.rb:59: syntax error, unexpected keyword_end, expecting $end):
  activesupport (3.2.3) lib/active_support/dependencies.rb:469:in `load'
  activesupport (3.2.3) lib/active_support/dependencies.rb:469:in `block in load_file'
  activesupport (3.2.3) lib/active_support/dependencies.rb:639:in `new_constants_in'
  activesupport (3.2.3) lib/active_support/dependencies.rb:468:in `load_file'
  activesupport (3.2.3) lib/active_support/dependencies.rb:353:in `require_or_load'
  activesupport (3.2.3) lib/active_support/dependencies.rb:502:in `load_missing_constant'
  activesupport (3.2.3) lib/active_support/dependencies.rb:192:in `block in const_missing'
  activesupport (3.2.3) lib/active_support/dependencies.rb:190:in `each'
  activesupport (3.2.3) lib/active_support/dependencies.rb:190:in `const_missing'
  activesupport (3.2.3) lib/active_support/inflector/methods.rb:229:in `block in constantize'
  activesupport (3.2.3) lib/active_support/inflector/methods.rb:228:in `each'
  activesupport (3.2.3) lib/active_support/inflector/methods.rb:228:in `constantize'
  activesupport (3.2.3) lib/active_support/dependencies.rb:554:in `get'
  actionpack (3.2.3) lib/action_dispatch/routing/route_set.rb:69:in `controller_reference'
  actionpack (3.2.3) lib/action_dispatch/routing/route_set.rb:54:in `controller'
  actionpack (3.2.3) lib/action_dispatch/routing/route_set.rb:32:in `call'
  journey (1.0.3) lib/journey/router.rb:68:in `block in call'
  journey (1.0.3) lib/journey/router.rb:56:in `each'
  journey (1.0.3) lib/journey/router.rb:56:in `call'
  actionpack (3.2.3) lib/action_dispatch/routing/route_set.rb:600:in `call'
  actionpack (3.2.3) lib/action_dispatch/middleware/best_standards_support.rb:17:in `call'
  rack (1.4.1) lib/rack/etag.rb:23:in `call'
  rack (1.4.1) lib/rack/conditionalget.rb:25:in `call'
  actionpack (3.2.3) lib/action_dispatch/middleware/head.rb:14:in `call'
  actionpack (3.2.3) lib/action_dispatch/middleware/params_parser.rb:21:in `call'
  actionpack (3.2.3) lib/action_dispatch/middleware/flash.rb:242:in `call'
  rack (1.4.1) lib/rack/session/abstract/id.rb:205:in `context'
  rack (1.4.1) lib/rack/session/abstract/id.rb:200:in `call'
  actionpack (3.2.3) lib/action_dispatch/middleware/cookies.rb:338:in `call'
  activerecord (3.2.3) lib/active_record/query_cache.rb:64:in `call'
  activerecord (3.2.3) lib/active_record/connection_adapters/abstract/connection_pool.rb:467:in `call'
  actionpack (3.2.3) lib/action_dispatch/middleware/callbacks.rb:28:in `block in call'
  activesupport (3.2.3) lib/active_support/callbacks.rb:405:in `_run__421238384__call__336177950__callbacks'
  activesupport (3.2.3) lib/active_support/callbacks.rb:405:in `__run_callback'
  activesupport (3.2.3) lib/active_support/callbacks.rb:385:in `_run_call_callbacks'
  activesupport (3.2.3) lib/active_support/callbacks.rb:81:in `run_callbacks'
  actionpack (3.2.3) lib/action_dispatch/middleware/callbacks.rb:27:in `call'
  actionpack (3.2.3) lib/action_dispatch/middleware/reloader.rb:65:in `call'
  actionpack (3.2.3) lib/action_dispatch/middleware/remote_ip.rb:31:in `call'
  actionpack (3.2.3) lib/action_dispatch/middleware/debug_exceptions.rb:16:in `call'
  actionpack (3.2.3) lib/action_dispatch/middleware/show_exceptions.rb:56:in `call'
  railties (3.2.3) lib/rails/rack/logger.rb:26:in `call_app'
  railties (3.2.3) lib/rails/rack/logger.rb:16:in `call'
  actionpack (3.2.3) lib/action_dispatch/middleware/request_id.rb:22:in `call'
  rack (1.4.1) lib/rack/methodoverride.rb:21:in `call'
  rack (1.4.1) lib/rack/runtime.rb:17:in `call'
  activesupport (3.2.3) lib/active_support/cache/strategy/local_cache.rb:72:in `call'
  rack (1.4.1) lib/rack/lock.rb:15:in `call'
  actionpack (3.2.3) lib/action_dispatch/middleware/static.rb:62:in `call'
  railties (3.2.3) lib/rails/engine.rb:479:in `call'
  railties (3.2.3) lib/rails/application.rb:220:in `call'
  rack (1.4.1) lib/rack/content_length.rb:14:in `call'
  railties (3.2.3) lib/rails/rack/log_tailer.rb:14:in `call'
  rack (1.4.1) lib/rack/handler/webrick.rb:59:in `service'
  C:/RailsInstaller/Ruby1.9.3/lib/ruby/1.9.1/webrick/httpserver.rb:138:in `service'
  C:/RailsInstaller/Ruby1.9.3/lib/ruby/1.9.1/webrick/httpserver.rb:94:in `run'
  C:/RailsInstaller/Ruby1.9.3/lib/ruby/1.9.1/webrick/server.rb:191:in `block in start_thread'




Started GET "/players/1" for 127.0.0.1 at 2012-05-16 12:51:58 -0400

SyntaxError (C:/Sites/RailsPatton/app/controllers/players_controller.rb:59: syntax error, unexpected keyword_end, expecting $end):
  activesupport (3.2.3) lib/active_support/dependencies.rb:469:in `load'
  activesupport (3.2.3) lib/active_support/dependencies.rb:469:in `block in load_file'
  activesupport (3.2.3) lib/active_support/dependencies.rb:639:in `new_constants_in'
  activesupport (3.2.3) lib/active_support/dependencies.rb:468:in `load_file'
  activesupport (3.2.3) lib/active_support/dependencies.rb:353:in `require_or_load'
  activesupport (3.2.3) lib/active_support/dependencies.rb:502:in `load_missing_constant'
  activesupport (3.2.3) lib/active_support/dependencies.rb:192:in `block in const_missing'
  activesupport (3.2.3) lib/active_support/dependencies.rb:190:in `each'
  activesupport (3.2.3) lib/active_support/dependencies.rb:190:in `const_missing'
  activesupport (3.2.3) lib/active_support/inflector/methods.rb:229:in `block in constantize'
  activesupport (3.2.3) lib/active_support/inflector/methods.rb:228:in `each'
  activesupport (3.2.3) lib/active_support/inflector/methods.rb:228:in `constantize'
  activesupport (3.2.3) lib/active_support/dependencies.rb:554:in `get'
  actionpack (3.2.3) lib/action_dispatch/routing/route_set.rb:69:in `controller_reference'
  actionpack (3.2.3) lib/action_dispatch/routing/route_set.rb:54:in `controller'
  actionpack (3.2.3) lib/action_dispatch/routing/route_set.rb:32:in `call'
  journey (1.0.3) lib/journey/router.rb:68:in `block in call'
  journey (1.0.3) lib/journey/router.rb:56:in `each'
  journey (1.0.3) lib/journey/router.rb:56:in `call'
  actionpack (3.2.3) lib/action_dispatch/routing/route_set.rb:600:in `call'
  actionpack (3.2.3) lib/action_dispatch/middleware/best_standards_support.rb:17:in `call'
  rack (1.4.1) lib/rack/etag.rb:23:in `call'
  rack (1.4.1) lib/rack/conditionalget.rb:25:in `call'
  actionpack (3.2.3) lib/action_dispatch/middleware/head.rb:14:in `call'
  actionpack (3.2.3) lib/action_dispatch/middleware/params_parser.rb:21:in `call'
  actionpack (3.2.3) lib/action_dispatch/middleware/flash.rb:242:in `call'
  rack (1.4.1) lib/rack/session/abstract/id.rb:205:in `context'
  rack (1.4.1) lib/rack/session/abstract/id.rb:200:in `call'
  actionpack (3.2.3) lib/action_dispatch/middleware/cookies.rb:338:in `call'
  activerecord (3.2.3) lib/active_record/query_cache.rb:64:in `call'
  activerecord (3.2.3) lib/active_record/connection_adapters/abstract/connection_pool.rb:467:in `call'
  actionpack (3.2.3) lib/action_dispatch/middleware/callbacks.rb:28:in `block in call'
  activesupport (3.2.3) lib/active_support/callbacks.rb:405:in `_run__421238384__call__336177950__callbacks'
  activesupport (3.2.3) lib/active_support/callbacks.rb:405:in `__run_callback'
  activesupport (3.2.3) lib/active_support/callbacks.rb:385:in `_run_call_callbacks'
  activesupport (3.2.3) lib/active_support/callbacks.rb:81:in `run_callbacks'
  actionpack (3.2.3) lib/action_dispatch/middleware/callbacks.rb:27:in `call'
  actionpack (3.2.3) lib/action_dispatch/middleware/reloader.rb:65:in `call'
  actionpack (3.2.3) lib/action_dispatch/middleware/remote_ip.rb:31:in `call'
  actionpack (3.2.3) lib/action_dispatch/middleware/debug_exceptions.rb:16:in `call'
  actionpack (3.2.3) lib/action_dispatch/middleware/show_exceptions.rb:56:in `call'
  railties (3.2.3) lib/rails/rack/logger.rb:26:in `call_app'
  railties (3.2.3) lib/rails/rack/logger.rb:16:in `call'
  actionpack (3.2.3) lib/action_dispatch/middleware/request_id.rb:22:in `call'
  rack (1.4.1) lib/rack/methodoverride.rb:21:in `call'
  rack (1.4.1) lib/rack/runtime.rb:17:in `call'
  activesupport (3.2.3) lib/active_support/cache/strategy/local_cache.rb:72:in `call'
  rack (1.4.1) lib/rack/lock.rb:15:in `call'
  actionpack (3.2.3) lib/action_dispatch/middleware/static.rb:62:in `call'
  railties (3.2.3) lib/rails/engine.rb:479:in `call'
  railties (3.2.3) lib/rails/application.rb:220:in `call'
  rack (1.4.1) lib/rack/content_length.rb:14:in `call'
  railties (3.2.3) lib/rails/rack/log_tailer.rb:14:in `call'
  rack (1.4.1) lib/rack/handler/webrick.rb:59:in `service'
  C:/RailsInstaller/Ruby1.9.3/lib/ruby/1.9.1/webrick/httpserver.rb:138:in `service'
  C:/RailsInstaller/Ruby1.9.3/lib/ruby/1.9.1/webrick/httpserver.rb:94:in `run'
  C:/RailsInstaller/Ruby1.9.3/lib/ruby/1.9.1/webrick/server.rb:191:in `block in start_thread'




Started GET "/players/1" for 127.0.0.1 at 2012-05-16 12:52:50 -0400
Processing by PlayersController#show as HTML
  Parameters: {"id"=>"1"}
  [1m[36mPlayer Load (0.0ms)[0m  [1mSELECT "players".* FROM "players" WHERE "players"."id" = $1 LIMIT 1[0m  [["id", "1"]]
  [1m[35mCACHE (0.0ms)[0m  SELECT "players".* FROM "players" WHERE "players"."id" = $1 LIMIT 1  [["id", "1"]]
  Rendered players/show.html.haml within layouts/application (1.0ms)
Completed 200 OK in 37ms (Views: 12.0ms | ActiveRecord: 5.0ms)


Started GET "/assets/application.css" for 127.0.0.1 at 2012-05-16 12:52:50 -0400
Served asset /application.css - 304 Not Modified (0ms)


Started GET "/assets/application.js" for 127.0.0.1 at 2012-05-16 12:52:50 -0400
Served asset /application.js - 304 Not Modified (1ms)


Started GET "/players" for 127.0.0.1 at 2012-05-16 12:52:52 -0400
Processing by PlayersController#index as HTML
  [1m[36mPlayer Load (0.0ms)[0m  [1mSELECT "players".* FROM "players" [0m
  [1m[35m (0.0ms)[0m  SELECT COUNT(*) FROM "players" 
  Rendered players/index.html.haml within layouts/application (7.0ms)
Completed 200 OK in 21ms (Views: 18.0ms | ActiveRecord: 0.0ms)


Started GET "/assets/application.css" for 127.0.0.1 at 2012-05-16 12:52:52 -0400
Served asset /application.css - 304 Not Modified (0ms)


Started GET "/assets/application.js" for 127.0.0.1 at 2012-05-16 12:52:53 -0400
Served asset /application.js - 304 Not Modified (1ms)


Started GET "/players/1" for 127.0.0.1 at 2012-05-16 12:53:13 -0400
Processing by PlayersController#show as HTML
  Parameters: {"id"=>"1"}
  [1m[36mPlayer Load (1.0ms)[0m  [1mSELECT "players".* FROM "players" WHERE "players"."id" = $1 LIMIT 1[0m  [["id", "1"]]
  Rendered players/show.html.haml within layouts/application (0.0ms)
Completed 200 OK in 39ms (Views: 16.0ms | ActiveRecord: 6.0ms)


Started GET "/assets/application.css" for 127.0.0.1 at 2012-05-16 12:53:13 -0400
Served asset /application.css - 304 Not Modified (0ms)


Started GET "/assets/application.js" for 127.0.0.1 at 2012-05-16 12:53:14 -0400
Served asset /application.js - 304 Not Modified (0ms)


Started GET "/players" for 127.0.0.1 at 2012-05-16 12:53:16 -0400
Processing by PlayersController#index as HTML
  [1m[35mPlayer Load (0.0ms)[0m  SELECT "players".* FROM "players" 
  [1m[36m (0.0ms)[0m  [1mSELECT COUNT(*) FROM "players" [0m
  Rendered players/index.html.haml within layouts/application (24.0ms)
Completed 200 OK in 42ms (Views: 41.0ms | ActiveRecord: 0.0ms)


Started GET "/assets/application.css" for 127.0.0.1 at 2012-05-16 12:53:16 -0400
Served asset /application.css - 304 Not Modified (0ms)


Started GET "/assets/application.js" for 127.0.0.1 at 2012-05-16 12:53:16 -0400
Served asset /application.js - 304 Not Modified (1ms)


Started GET "/players/1" for 127.0.0.1 at 2012-05-16 12:53:54 -0400
Processing by PlayersController#show as HTML
  Parameters: {"id"=>"1"}
  [1m[35mPlayer Load (0.0ms)[0m  SELECT "players".* FROM "players" WHERE "players"."id" = $1 LIMIT 1  [["id", "1"]]
  Rendered players/show.html.haml within layouts/application (1.0ms)
Completed 200 OK in 33ms (Views: 14.0ms | ActiveRecord: 3.0ms)


Started GET "/assets/application.css" for 127.0.0.1 at 2012-05-16 12:53:54 -0400
Served asset /application.css - 304 Not Modified (0ms)


Started GET "/assets/application.js" for 127.0.0.1 at 2012-05-16 12:53:54 -0400
Served asset /application.js - 304 Not Modified (1ms)


Started GET "/players" for 127.0.0.1 at 2012-05-16 12:53:56 -0400
Processing by PlayersController#index as HTML
  [1m[36mPlayer Load (1.0ms)[0m  [1mSELECT "players".* FROM "players" [0m
  [1m[35m (0.0ms)[0m  SELECT COUNT(*) FROM "players" 
  Rendered players/index.html.haml within layouts/application (6.0ms)
Completed 200 OK in 22ms (Views: 21.0ms | ActiveRecord: 1.0ms)


Started GET "/assets/application.css" for 127.0.0.1 at 2012-05-16 12:53:56 -0400
Served asset /application.css - 304 Not Modified (1ms)


Started GET "/assets/application.js" for 127.0.0.1 at 2012-05-16 12:53:56 -0400
Served asset /application.js - 304 Not Modified (0ms)


Started GET "/players/1/edit" for 127.0.0.1 at 2012-05-16 12:53:58 -0400
Processing by PlayersController#edit as HTML
  Parameters: {"id"=>"1"}
  [1m[36mPlayer Load (0.0ms)[0m  [1mSELECT "players".* FROM "players" WHERE "players"."id" = $1 LIMIT 1[0m  [["id", "1"]]
  Rendered shared/_error_msg.html.haml (0.0ms)
  Rendered players/_form.html.haml (23.0ms)
  Rendered players/edit.html.haml within layouts/application (28.0ms)
Completed 200 OK in 42ms (Views: 40.0ms | ActiveRecord: 0.0ms)


Started GET "/assets/application.css" for 127.0.0.1 at 2012-05-16 12:53:58 -0400
Served asset /application.css - 304 Not Modified (0ms)


Started GET "/assets/application.js" for 127.0.0.1 at 2012-05-16 12:53:59 -0400
Served asset /application.js - 304 Not Modified (1ms)


Started PUT "/players/1" for 127.0.0.1 at 2012-05-16 12:54:13 -0400
Processing by PlayersController#update as HTML
  Parameters: {"utf8"=>"✓", "authenticity_token"=>"4uO3obPRqbP0gflpQm0w/kc6dXJig2mAsrS5aAwYLuw=", "player"=>{"fname"=>"Babe", "lname"=>"Ruth", "team"=>"NYY", "league"=>"", "atbats"=>"600", "hits"=>"200", "runs"=>"112", "rbi"=>"135"}, "commit"=>"Update Player", "id"=>"1"}
  [1m[35mPlayer Load (0.0ms)[0m  SELECT "players".* FROM "players" WHERE "players"."id" = $1 LIMIT 1  [["id", "1"]]
  [1m[36m (0.0ms)[0m  [1mBEGIN[0m
  [1m[35m (0.0ms)[0m  UPDATE "players" SET "league" = '', "runs" = 112, "rbi" = 135, "updated_at" = '2012-05-16 16:54:13.297128' WHERE "players"."id" = 1
  [1m[36m (0.0ms)[0m  [1mCOMMIT[0m
Redirected to http://localhost:3000/players/1
Completed 302 Found in 7ms (ActiveRecord: 0.0ms)


Started GET "/players/1" for 127.0.0.1 at 2012-05-16 12:54:13 -0400
Processing by PlayersController#show as HTML
  Parameters: {"id"=>"1"}
  [1m[35mPlayer Load (1.0ms)[0m  SELECT "players".* FROM "players" WHERE "players"."id" = $1 LIMIT 1  [["id", "1"]]
  Rendered players/show.html.haml within layouts/application (0.0ms)
Completed 200 OK in 17ms (Views: 16.0ms | ActiveRecord: 1.0ms)


Started GET "/assets/application.css" for 127.0.0.1 at 2012-05-16 12:54:13 -0400
Served asset /application.css - 304 Not Modified (0ms)


Started GET "/assets/application.js" for 127.0.0.1 at 2012-05-16 12:54:13 -0400
Served asset /application.js - 304 Not Modified (1ms)


Started GET "/players" for 127.0.0.1 at 2012-05-16 12:54:15 -0400
Processing by PlayersController#index as HTML
  [1m[36mPlayer Load (0.0ms)[0m  [1mSELECT "players".* FROM "players" [0m
  [1m[35m (1.0ms)[0m  SELECT COUNT(*) FROM "players" 
  Rendered players/index.html.haml within layouts/application (5.0ms)
Completed 200 OK in 20ms (Views: 17.0ms | ActiveRecord: 1.0ms)


Started GET "/assets/application.css" for 127.0.0.1 at 2012-05-16 12:54:15 -0400
Served asset /application.css - 304 Not Modified (0ms)


Started GET "/assets/application.js" for 127.0.0.1 at 2012-05-16 12:54:15 -0400
Served asset /application.js - 304 Not Modified (0ms)


Started GET "/players/new" for 127.0.0.1 at 2012-05-16 12:54:18 -0400
Processing by PlayersController#new as HTML
  Rendered shared/_error_msg.html.haml (0.0ms)
  Rendered players/_form.html.haml (19.0ms)
  Rendered players/new.html.haml within layouts/application (23.0ms)
Completed 200 OK in 37ms (Views: 37.0ms | ActiveRecord: 0.0ms)


Started GET "/assets/application.css" for 127.0.0.1 at 2012-05-16 12:54:18 -0400
Served asset /application.css - 304 Not Modified (0ms)


Started GET "/assets/application.js" for 127.0.0.1 at 2012-05-16 12:54:18 -0400
Served asset /application.js - 304 Not Modified (1ms)


Started POST "/players" for 127.0.0.1 at 2012-05-16 12:54:26 -0400
Processing by PlayersController#create as HTML
  Parameters: {"utf8"=>"✓", "authenticity_token"=>"4uO3obPRqbP0gflpQm0w/kc6dXJig2mAsrS5aAwYLuw=", "player"=>{"fname"=>"Delete", "lname"=>"Me", "team"=>"", "league"=>"", "atbats"=>"0", "hits"=>"0", "runs"=>"0", "rbi"=>"0"}, "commit"=>"Create Player"}
  [1m[36m (1.0ms)[0m  [1mBEGIN[0m
  [1m[35mSQL (1.0ms)[0m  INSERT INTO "players" ("atbats", "created_at", "fname", "hits", "league", "lname", "rbi", "runs", "team", "updated_at") VALUES ($1, $2, $3, $4, $5, $6, $7, $8, $9, $10) RETURNING "id"  [["atbats", 0], ["created_at", Wed, 16 May 2012 16:54:26 UTC +00:00], ["fname", "Delete"], ["hits", 0], ["league", ""], ["lname", "Me"], ["rbi", 0], ["runs", 0], ["team", ""], ["updated_at", Wed, 16 May 2012 16:54:26 UTC +00:00]]
  [1m[36m (1.0ms)[0m  [1mCOMMIT[0m
Redirected to http://localhost:3000/players/8
Completed 302 Found in 3ms (ActiveRecord: 3.0ms)


Started GET "/players/8" for 127.0.0.1 at 2012-05-16 12:54:26 -0400
Processing by PlayersController#show as HTML
  Parameters: {"id"=>"8"}
  [1m[35mPlayer Load (0.0ms)[0m  SELECT "players".* FROM "players" WHERE "players"."id" = $1 LIMIT 1  [["id", "8"]]
  Rendered players/show.html.haml within layouts/application (1.0ms)
Completed 200 OK in 16ms (Views: 15.0ms | ActiveRecord: 0.0ms)


Started GET "/assets/application.css" for 127.0.0.1 at 2012-05-16 12:54:26 -0400
Served asset /application.css - 304 Not Modified (0ms)


Started GET "/assets/application.js" for 127.0.0.1 at 2012-05-16 12:54:26 -0400
Served asset /application.js - 304 Not Modified (1ms)


Started GET "/players" for 127.0.0.1 at 2012-05-16 12:54:28 -0400
Processing by PlayersController#index as HTML
  [1m[36mPlayer Load (1.0ms)[0m  [1mSELECT "players".* FROM "players" [0m
  [1m[35m (1.0ms)[0m  SELECT COUNT(*) FROM "players" 
  Rendered players/index.html.haml within layouts/application (6.0ms)
Completed 200 OK in 21ms (Views: 19.0ms | ActiveRecord: 2.0ms)


Started GET "/assets/application.css" for 127.0.0.1 at 2012-05-16 12:54:28 -0400
Served asset /application.css - 304 Not Modified (0ms)


Started GET "/assets/application.js" for 127.0.0.1 at 2012-05-16 12:54:28 -0400
Served asset /application.js - 304 Not Modified (0ms)


Started DELETE "/players/8" for 127.0.0.1 at 2012-05-16 12:54:32 -0400
Processing by PlayersController#destroy as HTML
  Parameters: {"id"=>"8"}
WARNING: Can't verify CSRF token authenticity
  [1m[36mPlayer Load (1.0ms)[0m  [1mSELECT "players".* FROM "players" WHERE "players"."id" = $1 LIMIT 1[0m  [["id", "8"]]
  [1m[35m (0.0ms)[0m  BEGIN
  [1m[36mSQL (0.0ms)[0m  [1mDELETE FROM "players" WHERE "players"."id" = $1[0m  [["id", 8]]
  [1m[35m (0.0ms)[0m  COMMIT
Redirected to http://localhost:3000/players
Completed 302 Found in 3ms (ActiveRecord: 1.0ms)


Started GET "/players" for 127.0.0.1 at 2012-05-16 12:54:32 -0400
Processing by PlayersController#index as HTML
  [1m[36mPlayer Load (1.0ms)[0m  [1mSELECT "players".* FROM "players" [0m
  [1m[35m (1.0ms)[0m  SELECT COUNT(*) FROM "players" 
  Rendered players/index.html.haml within layouts/application (4.0ms)
Completed 200 OK in 21ms (Views: 19.0ms | ActiveRecord: 2.0ms)


Started GET "/assets/application.css" for 127.0.0.1 at 2012-05-16 12:54:33 -0400
Served asset /application.css - 304 Not Modified (1ms)


Started GET "/assets/application.js" for 127.0.0.1 at 2012-05-16 12:54:33 -0400
Served asset /application.js - 304 Not Modified (1ms)


Started GET "/players/new" for 127.0.0.1 at 2012-05-16 13:00:25 -0400
Processing by PlayersController#new as HTML
  Rendered shared/_error_msg.html.haml (0.0ms)
  Rendered players/_form.html.haml (21.0ms)
  Rendered players/new.html.haml within layouts/application (27.0ms)
Completed 200 OK in 41ms (Views: 41.0ms | ActiveRecord: 0.0ms)


Started GET "/assets/application.css" for 127.0.0.1 at 2012-05-16 13:00:25 -0400
Served asset /application.css - 304 Not Modified (0ms)


Started GET "/assets/application.js" for 127.0.0.1 at 2012-05-16 13:00:26 -0400
Served asset /application.js - 304 Not Modified (2ms)


Started GET "/players" for 127.0.0.1 at 2012-05-16 13:00:27 -0400
Processing by PlayersController#index as HTML
  [1m[36mPlayer Load (2.0ms)[0m  [1mSELECT "players".* FROM "players" [0m
  [1m[35m (1.0ms)[0m  SELECT COUNT(*) FROM "players" 
  Rendered players/index.html.haml within layouts/application (5.0ms)
Completed 200 OK in 23ms (Views: 20.0ms | ActiveRecord: 3.0ms)


Started GET "/assets/application.js" for 127.0.0.1 at 2012-05-16 13:00:28 -0400
Served asset /application.js - 304 Not Modified (1ms)


Started GET "/assets/application.css" for 127.0.0.1 at 2012-05-16 13:00:28 -0400
Served asset /application.css - 304 Not Modified (0ms)


Started GET "/players/new" for 127.0.0.1 at 2012-05-16 14:37:17 -0400
Processing by PlayersController#new as HTML
  Rendered shared/_error_msg.html.haml (0.0ms)
  Rendered players/_form.html.haml (33.0ms)
  Rendered players/new.html.haml within layouts/application (39.0ms)
Completed 200 OK in 53ms (Views: 52.0ms | ActiveRecord: 0.0ms)


Started GET "/assets/application.css" for 127.0.0.1 at 2012-05-16 14:37:17 -0400
Served asset /application.css - 304 Not Modified (0ms)


Started GET "/assets/application.js" for 127.0.0.1 at 2012-05-16 14:37:17 -0400
Served asset /application.js - 304 Not Modified (0ms)


Started GET "/players" for 127.0.0.1 at 2012-05-16 14:53:25 -0400
Processing by PlayersController#index as HTML
  [1m[36mPlayer Load (1.0ms)[0m  [1mSELECT "players".* FROM "players" [0m
  [1m[35m (0.0ms)[0m  SELECT COUNT(*) FROM "players" 
  Rendered players/index.html.haml within layouts/application (10.0ms)
Completed 200 OK in 24ms (Views: 23.0ms | ActiveRecord: 1.0ms)


Started GET "/assets/application.css" for 127.0.0.1 at 2012-05-16 14:53:25 -0400
Served asset /application.css - 304 Not Modified (0ms)


Started GET "/assets/application.js" for 127.0.0.1 at 2012-05-16 14:53:25 -0400
Served asset /application.js - 304 Not Modified (1ms)


Started GET "/players/2/edit" for 127.0.0.1 at 2012-05-16 14:53:28 -0400
Processing by PlayersController#edit as HTML
  Parameters: {"id"=>"2"}
  [1m[36mPlayer Load (0.0ms)[0m  [1mSELECT "players".* FROM "players" WHERE "players"."id" = $1 LIMIT 1[0m  [["id", "2"]]
  Rendered shared/_error_msg.html.haml (0.0ms)
  Rendered players/_form.html.haml (21.0ms)
  Rendered players/edit.html.haml within layouts/application (27.0ms)
Completed 200 OK in 38ms (Views: 37.0ms | ActiveRecord: 0.0ms)


Started GET "/assets/application.css" for 127.0.0.1 at 2012-05-16 14:53:28 -0400
Served asset /application.css - 304 Not Modified (1ms)


Started GET "/assets/application.js" for 127.0.0.1 at 2012-05-16 14:53:28 -0400
Served asset /application.js - 304 Not Modified (1ms)


Started PUT "/players/2" for 127.0.0.1 at 2012-05-16 15:04:41 -0400
Processing by PlayersController#update as HTML
  Parameters: {"utf8"=>"✓", "authenticity_token"=>"fsPRh4sAbXtJKa2vyWjJ2yQ1gr7ftzt8dCrtIjk6dyw=", "player"=>{"fname"=>"Ty", "lname"=>"Cobb", "team"=>"Det", "league"=>"", "atbats"=>"600", "hits"=>"240", "runs"=>"1", "rbi"=>"1"}, "commit"=>"Update Player", "id"=>"2"}
  [1m[35mPlayer Load (0.0ms)[0m  SELECT "players".* FROM "players" WHERE "players"."id" = $1 LIMIT 1  [["id", "2"]]
  [1m[36m (0.0ms)[0m  [1mBEGIN[0m
  [1m[35m (1.0ms)[0m  UPDATE "players" SET "league" = '', "runs" = 1, "rbi" = 1, "updated_at" = '2012-05-16 19:04:41.012295' WHERE "players"."id" = 2
  [1m[36m (0.0ms)[0m  [1mCOMMIT[0m
Redirected to http://localhost:3000/players/2
Completed 302 Found in 5ms (ActiveRecord: 1.0ms)


Started GET "/players/2" for 127.0.0.1 at 2012-05-16 15:04:41 -0400
Processing by PlayersController#show as HTML
  Parameters: {"id"=>"2"}
  [1m[35mPlayer Load (1.0ms)[0m  SELECT "players".* FROM "players" WHERE "players"."id" = $1 LIMIT 1  [["id", "2"]]
  Rendered players/show.html.haml within layouts/application (1.0ms)
Completed 200 OK in 33ms (Views: 32.0ms | ActiveRecord: 1.0ms)


Started GET "/assets/application.css" for 127.0.0.1 at 2012-05-16 15:04:41 -0400
Served asset /application.css - 304 Not Modified (1ms)


Started GET "/assets/application.js" for 127.0.0.1 at 2012-05-16 15:04:41 -0400
Served asset /application.js - 304 Not Modified (1ms)


Started GET "/players" for 127.0.0.1 at 2012-05-16 15:04:44 -0400
Processing by PlayersController#index as HTML
  [1m[36mPlayer Load (1.0ms)[0m  [1mSELECT "players".* FROM "players" [0m
  [1m[35m (1.0ms)[0m  SELECT COUNT(*) FROM "players" 
  Rendered players/index.html.haml within layouts/application (5.0ms)
Completed 200 OK in 18ms (Views: 16.0ms | ActiveRecord: 2.0ms)


Started GET "/assets/application.css" for 127.0.0.1 at 2012-05-16 15:04:44 -0400
Served asset /application.css - 304 Not Modified (0ms)


Started GET "/assets/application.js" for 127.0.0.1 at 2012-05-16 15:04:45 -0400
Served asset /application.js - 304 Not Modified (0ms)


Started GET "/players/new" for 127.0.0.1 at 2012-05-16 15:05:27 -0400
Processing by PlayersController#new as HTML
  Rendered shared/_error_msg.html.haml (0.0ms)
  Rendered players/_form.html.haml (21.0ms)
  Rendered players/new.html.haml within layouts/application (28.0ms)
Completed 200 OK in 39ms (Views: 39.0ms | ActiveRecord: 0.0ms)


Started GET "/assets/application.css" for 127.0.0.1 at 2012-05-16 15:05:27 -0400
Served asset /application.css - 304 Not Modified (0ms)


Started GET "/assets/application.js" for 127.0.0.1 at 2012-05-16 15:05:27 -0400
Served asset /application.js - 304 Not Modified (1ms)


Started POST "/players" for 127.0.0.1 at 2012-05-16 15:05:35 -0400
Processing by PlayersController#create as HTML
  Parameters: {"utf8"=>"✓", "authenticity_token"=>"fsPRh4sAbXtJKa2vyWjJ2yQ1gr7ftzt8dCrtIjk6dyw=", "player"=>{"fname"=>"Delete", "lname"=>"Me", "team"=>"", "league"=>"", "atbats"=>"0", "hits"=>"0", "runs"=>"0", "rbi"=>"0"}, "commit"=>"Create Player"}
  [1m[36m (1.0ms)[0m  [1mBEGIN[0m
  [1m[35mSQL (1.0ms)[0m  INSERT INTO "players" ("atbats", "created_at", "fname", "hits", "league", "lname", "rbi", "runs", "team", "updated_at") VALUES ($1, $2, $3, $4, $5, $6, $7, $8, $9, $10) RETURNING "id"  [["atbats", 0], ["created_at", Wed, 16 May 2012 19:05:35 UTC +00:00], ["fname", "Delete"], ["hits", 0], ["league", ""], ["lname", "Me"], ["rbi", 0], ["runs", 0], ["team", ""], ["updated_at", Wed, 16 May 2012 19:05:35 UTC +00:00]]
  [1m[36m (0.0ms)[0m  [1mCOMMIT[0m
Redirected to http://localhost:3000/players/9
Completed 302 Found in 3ms (ActiveRecord: 2.0ms)


Started GET "/players/9" for 127.0.0.1 at 2012-05-16 15:05:35 -0400
Processing by PlayersController#show as HTML
  Parameters: {"id"=>"9"}
  [1m[35mPlayer Load (1.0ms)[0m  SELECT "players".* FROM "players" WHERE "players"."id" = $1 LIMIT 1  [["id", "9"]]
  Rendered players/show.html.haml within layouts/application (0.0ms)
Completed 200 OK in 13ms (Views: 12.0ms | ActiveRecord: 1.0ms)


Started GET "/assets/application.css" for 127.0.0.1 at 2012-05-16 15:05:35 -0400
Served asset /application.css - 304 Not Modified (0ms)


Started GET "/assets/application.js" for 127.0.0.1 at 2012-05-16 15:05:35 -0400
Served asset /application.js - 304 Not Modified (1ms)


Started GET "/players" for 127.0.0.1 at 2012-05-16 15:11:20 -0400
Processing by PlayersController#index as HTML
  [1m[36mPlayer Load (0.0ms)[0m  [1mSELECT "players".* FROM "players" [0m
  [1m[35m (0.0ms)[0m  SELECT COUNT(*) FROM "players" 
  Rendered players/index.html.haml within layouts/application (5.0ms)
Completed 200 OK in 18ms (Views: 16.0ms | ActiveRecord: 0.0ms)


Started GET "/assets/application.css" for 127.0.0.1 at 2012-05-16 15:11:20 -0400
Served asset /application.css - 304 Not Modified (1ms)


Started GET "/assets/application.js" for 127.0.0.1 at 2012-05-16 15:11:20 -0400
Served asset /application.js - 304 Not Modified (0ms)


Started GET "/players/3/edit" for 127.0.0.1 at 2012-05-16 15:35:52 -0400
Processing by PlayersController#edit as HTML
  Parameters: {"id"=>"3"}
  [1m[36mPlayer Load (3.0ms)[0m  [1mSELECT "players".* FROM "players" WHERE "players"."id" = $1 LIMIT 1[0m  [["id", "3"]]
  Rendered shared/_error_msg.html.haml (1.0ms)
  Rendered players/_form.html.haml (154.1ms)
  Rendered players/edit.html.haml within layouts/application (196.2ms)
Completed 200 OK in 294ms (Views: 286.2ms | ActiveRecord: 3.0ms)


Started GET "/assets/application.js" for 127.0.0.1 at 2012-05-16 15:35:53 -0400
Served asset /application.js - 304 Not Modified (5ms)


Started GET "/assets/application.css" for 127.0.0.1 at 2012-05-16 15:35:53 -0400
Served asset /application.css - 304 Not Modified (1ms)
